<?xml version="1.0" encoding="UTF-8"?>
<!-- Generated by org.testng.reporters.JUnitXMLReporter -->
<testsuite hostname="W2026558" name="Test" tests="1" failures="0" timestamp="23 Nov 2020 05:12:34 GMT" time="3.542" errors="0">
  <testcase name="@BeforeTest beforeTest" time="0.0" classname="example.NewTest">
    <failure type="org.openqa.selenium.SessionNotCreatedException" message="session not created: This version of ChromeDriver only supports Chrome version 85
Build info: version: &amp;apos;3.141.59&amp;apos;, revision: &amp;apos;e82be7d358&amp;apos;, time: &amp;apos;2018-11-14T08:17:03&amp;apos;
System info: host: &amp;apos;W2026558&amp;apos;, ip: &amp;apos;192.168.0.103&amp;apos;, os.name: &amp;apos;Windows 10&amp;apos;, os.arch: &amp;apos;amd64&amp;apos;, os.version: &amp;apos;10.0&amp;apos;, java.version: &amp;apos;1.8.0_66&amp;apos;
Driver info: driver.version: ChromeDriver
remote stacktrace: Backtrace:
	Ordinal0 [0x0038D383+3134339]
	Ordinal0 [0x0027A171+2007409]
	Ordinal0 [0x0011AEE8+569064]
	Ordinal0 [0x000A139F+70559]
	Ordinal0 [0x0009CC63+52323]
	Ordinal0 [0x000C0DFC+200188]
	Ordinal0 [0x000C0C1D+199709]
	Ordinal0 [0x000BEB0B+191243]
	Ordinal0 [0x000A2E77+77431]
	Ordinal0 [0x000A3E3E+81470]
	Ordinal0 [0x000A3DC9+81353]
	Ordinal0 [0x00290CD9+2100441]
	GetHandleVerifier [0x004FB75A+1396954]
	GetHandleVerifier [0x004FB3D9+1396057]
	GetHandleVerifier [0x00507126+1444518]
	GetHandleVerifier [0x004FBCE8+1398376]
	Ordinal0 [0x00287F51+2064209]
	Ordinal0 [0x002922EB+2106091]
	Ordinal0 [0x00292411+2106385]
	Ordinal0 [0x002A49C4+2181572]
	BaseThreadInitThunk [0x758F6359+25]
	RtlGetAppContainerNamedObjectPath [0x77847C24+228]
	RtlGetAppContainerNamedObjectPath [0x77847BF4+180]
	(No symbol) [0x00000000]
">
      <![CDATA[org.openqa.selenium.SessionNotCreatedException: session not created: This version of ChromeDriver only supports Chrome version 85
Build info: version: '3.141.59', revision: 'e82be7d358', time: '2018-11-14T08:17:03'
System info: host: 'W2026558', ip: '192.168.0.103', os.name: 'Windows 10', os.arch: 'amd64', os.version: '10.0', java.version: '1.8.0_66'
Driver info: driver.version: ChromeDriver
remote stacktrace: Backtrace:
	Ordinal0 [0x0038D383+3134339]
	Ordinal0 [0x0027A171+2007409]
	Ordinal0 [0x0011AEE8+569064]
	Ordinal0 [0x000A139F+70559]
	Ordinal0 [0x0009CC63+52323]
	Ordinal0 [0x000C0DFC+200188]
	Ordinal0 [0x000C0C1D+199709]
	Ordinal0 [0x000BEB0B+191243]
	Ordinal0 [0x000A2E77+77431]
	Ordinal0 [0x000A3E3E+81470]
	Ordinal0 [0x000A3DC9+81353]
	Ordinal0 [0x00290CD9+2100441]
	GetHandleVerifier [0x004FB75A+1396954]
	GetHandleVerifier [0x004FB3D9+1396057]
	GetHandleVerifier [0x00507126+1444518]
	GetHandleVerifier [0x004FBCE8+1398376]
	Ordinal0 [0x00287F51+2064209]
	Ordinal0 [0x002922EB+2106091]
	Ordinal0 [0x00292411+2106385]
	Ordinal0 [0x002A49C4+2181572]
	BaseThreadInitThunk [0x758F6359+25]
	RtlGetAppContainerNamedObjectPath [0x77847C24+228]
	RtlGetAppContainerNamedObjectPath [0x77847BF4+180]
	(No symbol) [0x00000000]

	at org.openqa.selenium.remote.W3CHandshakeResponse.lambda$errorHandler$0(W3CHandshakeResponse.java:62)
	at org.openqa.selenium.remote.HandshakeResponse.lambda$getResponseFunction$0(HandshakeResponse.java:30)
	at org.openqa.selenium.remote.ProtocolHandshake.lambda$createSession$0(ProtocolHandshake.java:126)
	at java.util.stream.ReferencePipeline$3$1.accept(ReferencePipeline.java:193)
	at java.util.Spliterators$ArraySpliterator.tryAdvance(Spliterators.java:958)
	at java.util.stream.ReferencePipeline.forEachWithCancel(ReferencePipeline.java:126)
	at java.util.stream.AbstractPipeline.copyIntoWithCancel(AbstractPipeline.java:498)
	at java.util.stream.AbstractPipeline.copyInto(AbstractPipeline.java:485)
	at java.util.stream.AbstractPipeline.wrapAndCopyInto(AbstractPipeline.java:471)
	at java.util.stream.FindOps$FindOp.evaluateSequential(FindOps.java:152)
	at java.util.stream.AbstractPipeline.evaluate(AbstractPipeline.java:234)
	at java.util.stream.ReferencePipeline.findFirst(ReferencePipeline.java:464)
	at org.openqa.selenium.remote.ProtocolHandshake.createSession(ProtocolHandshake.java:128)
	at org.openqa.selenium.remote.ProtocolHandshake.createSession(ProtocolHandshake.java:74)
	at org.openqa.selenium.remote.HttpCommandExecutor.execute(HttpCommandExecutor.java:136)
	at org.openqa.selenium.remote.service.DriverCommandExecutor.execute(DriverCommandExecutor.java:83)
	at org.openqa.selenium.remote.RemoteWebDriver.execute(RemoteWebDriver.java:552)
	at org.openqa.selenium.remote.RemoteWebDriver.startSession(RemoteWebDriver.java:213)
	at org.openqa.selenium.remote.RemoteWebDriver.<init>(RemoteWebDriver.java:131)
	at org.openqa.selenium.chrome.ChromeDriver.<init>(ChromeDriver.java:181)
	at org.openqa.selenium.chrome.ChromeDriver.<init>(ChromeDriver.java:168)
	at org.openqa.selenium.chrome.ChromeDriver.<init>(ChromeDriver.java:157)
	at example.NewTest.beforeTest(NewTest.java:61)
	at org.apache.maven.surefire.testng.TestNGExecutor.run(TestNGExecutor.java:281)
	at org.apache.maven.surefire.testng.TestNGXmlTestSuite.execute(TestNGXmlTestSuite.java:75)
	at org.apache.maven.surefire.testng.TestNGProvider.invoke(TestNGProvider.java:121)
	at org.apache.maven.surefire.booter.ForkedBooter.invokeProviderInSameClassLoader(ForkedBooter.java:290)
	at org.apache.maven.surefire.booter.ForkedBooter.runSuitesInProcess(ForkedBooter.java:242)
	at org.apache.maven.surefire.booter.ForkedBooter.main(ForkedBooter.java:121)
... Removed 23 stack frames]]>
    </failure>
  </testcase> <!-- @BeforeTest beforeTest -->
  <testcase name="@AfterTest afterTest" time="0.0" classname="example.NewTest">
    <skipped/>
  </testcase> <!-- @AfterTest afterTest -->
  <testcase name="testEasy" time="0.0" classname="example.NewTest">
    <skipped/>
  </testcase> <!-- testEasy -->
</testsuite> <!-- Test -->
