<?xml version="1.0" encoding="UTF-8"?>
<!-- Generated by org.testng.reporters.JUnitXMLReporter -->
<testsuite hostname="W2026558" name="Test" tests="1" failures="0" timestamp="6 Apr 2020 11:34:40 GMT" time="175.878" errors="0">
  <testcase name="@AfterTest afterTest" time="0.0" classname="example.NewTest">
    <failure type="java.lang.AssertionError" message="expected [Jobs - Recruitment - Job Search - Employment -Job Vacancies - Naukri.com] but found []">
      <![CDATA[java.lang.AssertionError: expected [Jobs - Recruitment - Job Search - Employment -Job Vacancies - Naukri.com] but found []
	at example.NewTest.afterTest(NewTest.java:193)
	at org.apache.maven.surefire.testng.TestNGExecutor.run(TestNGExecutor.java:281)
	at org.apache.maven.surefire.testng.TestNGXmlTestSuite.execute(TestNGXmlTestSuite.java:75)
	at org.apache.maven.surefire.testng.TestNGProvider.invoke(TestNGProvider.java:121)
	at org.apache.maven.surefire.booter.ForkedBooter.invokeProviderInSameClassLoader(ForkedBooter.java:290)
	at org.apache.maven.surefire.booter.ForkedBooter.runSuitesInProcess(ForkedBooter.java:242)
	at org.apache.maven.surefire.booter.ForkedBooter.main(ForkedBooter.java:121)
... Removed 24 stack frames]]>
    </failure>
  </testcase> <!-- @AfterTest afterTest -->
  <testcase name="testEasy" time="145.829" classname="example.NewTest"/>
</testsuite> <!-- Test -->
