<?xml version="1.0" encoding="UTF-8"?>
<testsuite xmlns:xsi="http://www.w3.org/2001/XMLSchema-instance" xsi:schemaLocation="https://maven.apache.org/surefire/maven-surefire-plugin/xsd/surefire-test-report.xsd" name="TestSuite" time="4.808" tests="3" errors="0" skipped="2" failures="1">
  <properties>
[...]
</properties>
  <testcase name="beforeTest" classname="example.NewTest" time="4.709">
    <failure message="session not created: This version of ChromeDriver only supports Chrome version 85&#10;Build info: version: &apos;3.141.59&apos;, revision: &apos;e82be7d358&apos;, time: &apos;2018-11-14T08:17:03&apos;&#10;System info: host: &apos;W2026558&apos;, ip: &apos;192.168.0.103&apos;, os.name: &apos;Windows 10&apos;, os.arch: &apos;amd64&apos;, os.version: &apos;10.0&apos;, java.version: &apos;1.8.0_66&apos;&#10;Driver info: driver.version: ChromeDriver&#10;remote stacktrace: Backtrace:&#10;	Ordinal0 [0x0038D383+3134339]&#10;	Ordinal0 [0x0027A171+2007409]&#10;	Ordinal0 [0x0011AEE8+569064]&#10;	Ordinal0 [0x000A139F+70559]&#10;	Ordinal0 [0x0009CC63+52323]&#10;	Ordinal0 [0x000C0DFC+200188]&#10;	Ordinal0 [0x000C0C1D+199709]&#10;	Ordinal0 [0x000BEB0B+191243]&#10;	Ordinal0 [0x000A2E77+77431]&#10;	Ordinal0 [0x000A3E3E+81470]&#10;	Ordinal0 [0x000A3DC9+81353]&#10;	Ordinal0 [0x00290CD9+2100441]&#10;	GetHandleVerifier [0x004FB75A+1396954]&#10;	GetHandleVerifier [0x004FB3D9+1396057]&#10;	GetHandleVerifier [0x00507126+1444518]&#10;	GetHandleVerifier [0x004FBCE8+1398376]&#10;	Ordinal0 [0x00287F51+2064209]&#10;	Ordinal0 [0x002922EB+2106091]&#10;	Ordinal0 [0x00292411+2106385]&#10;	Ordinal0 [0x002A49C4+2181572]&#10;	BaseThreadInitThunk [0x758F6359+25]&#10;	RtlGetAppContainerNamedObjectPath [0x77847C24+228]&#10;	RtlGetAppContainerNamedObjectPath [0x77847BF4+180]&#10;	(No symbol) [0x00000000]&#10;" type="org.openqa.selenium.SessionNotCreatedException">org.openqa.selenium.SessionNotCreatedException: 
session not created: This version of ChromeDriver only supports Chrome version 85
Build info: version: '3.141.59', revision: 'e82be7d358', time: '2018-11-14T08:17:03'
System info: host: 'W2026558', ip: '192.168.0.103', os.name: 'Windows 10', os.arch: 'amd64', os.version: '10.0', java.version: '1.8.0_66'
Driver info: driver.version: ChromeDriver
remote stacktrace: Backtrace:
	Ordinal0 [0x0038D383+3134339]
	Ordinal0 [0x0027A171+2007409]
	Ordinal0 [0x0011AEE8+569064]
	Ordinal0 [0x000A139F+70559]
	Ordinal0 [0x0009CC63+52323]
	Ordinal0 [0x000C0DFC+200188]
	Ordinal0 [0x000C0C1D+199709]
	Ordinal0 [0x000BEB0B+191243]
	Ordinal0 [0x000A2E77+77431]
	Ordinal0 [0x000A3E3E+81470]
	Ordinal0 [0x000A3DC9+81353]
	Ordinal0 [0x00290CD9+2100441]
	GetHandleVerifier [0x004FB75A+1396954]
	GetHandleVerifier [0x004FB3D9+1396057]
	GetHandleVerifier [0x00507126+1444518]
	GetHandleVerifier [0x004FBCE8+1398376]
	Ordinal0 [0x00287F51+2064209]
	Ordinal0 [0x002922EB+2106091]
	Ordinal0 [0x00292411+2106385]
	Ordinal0 [0x002A49C4+2181572]
	BaseThreadInitThunk [0x758F6359+25]
	RtlGetAppContainerNamedObjectPath [0x77847C24+228]
	RtlGetAppContainerNamedObjectPath [0x77847BF4+180]
	(No symbol) [0x00000000]

	at example.NewTest.beforeTest(NewTest.java:61)
</failure>
    <system-out><![CDATA[provider.DataProvider@23ceabc1
]]></system-out>
    <system-err><![CDATA[Starting ChromeDriver 85.0.4183.87 (cd6713ebf92fa1cacc0f1a598df280093af0c5d7-refs/branch-heads/4183@{#1689}) on port 2098
Only local connections are allowed.
Please see https://chromedriver.chromium.org/security-considerations for suggestions on keeping ChromeDriver safe.
ChromeDriver was started successfully.
[1606108352.954][WARNING]: Deprecated chrome option is ignored: useAutomationExtension
[1606108352.954][WARNING]: Deprecated chrome option is ignored: useAutomationExtension
]]></system-err>
  </testcase>
  <testcase name="testEasy" classname="example.NewTest" time="0">
    <skipped/>
  </testcase>
  <testcase name="afterTest" classname="example.NewTest" time="0">
    <skipped/>
  </testcase>
</testsuite>