-------------------------------------------------------------------------------
Test set: TestSuite
-------------------------------------------------------------------------------
Tests run: 2, Failures: 1, Errors: 0, Skipped: 0, Time elapsed: 177.161 sec <<< FAILURE! - in TestSuite
afterTest(example.NewTest)  Time elapsed: 153.782 sec  <<< FAILURE!
java.lang.AssertionError: expected [Jobs - Recruitment - Job Search - Employment -Job Vacancies - Naukri.com] but found []
	at example.NewTest.afterTest(NewTest.java:193)

